9.000000000000000000e+00
1.300000000000000000e+01
7.000000000000000000e+00
1.600000000000000000e+01
2.500000000000000000e+01
2.500000000000000000e+01
3.400000000000000000e+01
4.300000000000000000e+01
5.100000000000000000e+01
5.300000000000000000e+01
6.000000000000000000e+01
6.300000000000000000e+01
5.800000000000000000e+01
6.900000000000000000e+01
7.800000000000000000e+01
7.200000000000000000e+01
8.900000000000000000e+01
8.700000000000000000e+01
9.200000000000000000e+01
9.800000000000000000e+01
1.170000000000000000e+02
1.310000000000000000e+02
1.320000000000000000e+02
1.610000000000000000e+02
1.420000000000000000e+02
1.460000000000000000e+02
1.600000000000000000e+02
1.470000000000000000e+02
1.630000000000000000e+02
1.650000000000000000e+02
1.770000000000000000e+02
1.810000000000000000e+02
1.850000000000000000e+02
2.230000000000000000e+02
2.050000000000000000e+02
2.150000000000000000e+02
2.020000000000000000e+02
2.320000000000000000e+02
2.030000000000000000e+02
2.650000000000000000e+02
2.840000000000000000e+02
2.580000000000000000e+02
2.610000000000000000e+02
2.640000000000000000e+02
3.080000000000000000e+02
3.310000000000000000e+02
3.290000000000000000e+02
3.100000000000000000e+02
3.330000000000000000e+02
3.430000000000000000e+02
3.270000000000000000e+02
3.130000000000000000e+02
3.600000000000000000e+02
3.580000000000000000e+02
3.490000000000000000e+02
4.020000000000000000e+02
4.240000000000000000e+02
3.890000000000000000e+02
3.800000000000000000e+02
3.740000000000000000e+02
4.080000000000000000e+02
4.730000000000000000e+02
4.460000000000000000e+02
4.330000000000000000e+02
5.030000000000000000e+02
4.560000000000000000e+02
4.650000000000000000e+02
4.850000000000000000e+02
4.890000000000000000e+02
5.430000000000000000e+02
4.990000000000000000e+02
4.820000000000000000e+02
5.730000000000000000e+02
5.550000000000000000e+02
5.690000000000000000e+02
6.320000000000000000e+02
5.610000000000000000e+02
6.160000000000000000e+02
5.740000000000000000e+02
6.150000000000000000e+02
6.110000000000000000e+02
6.210000000000000000e+02
6.100000000000000000e+02
6.760000000000000000e+02
7.150000000000000000e+02
6.720000000000000000e+02
6.260000000000000000e+02
6.450000000000000000e+02
7.200000000000000000e+02
7.490000000000000000e+02
7.330000000000000000e+02
6.830000000000000000e+02
8.170000000000000000e+02
7.070000000000000000e+02
7.820000000000000000e+02
7.710000000000000000e+02
7.940000000000000000e+02
8.330000000000000000e+02
8.500000000000000000e+02
8.420000000000000000e+02
7.840000000000000000e+02
8.420000000000000000e+02
8.320000000000000000e+02
8.350000000000000000e+02
8.800000000000000000e+02
8.040000000000000000e+02
8.790000000000000000e+02
8.260000000000000000e+02
9.370000000000000000e+02
8.810000000000000000e+02
9.540000000000000000e+02
9.320000000000000000e+02
9.510000000000000000e+02
9.410000000000000000e+02
9.040000000000000000e+02
9.930000000000000000e+02
9.830000000000000000e+02
1.048000000000000000e+03
1.056000000000000000e+03
1.038000000000000000e+03
1.122000000000000000e+03
1.058000000000000000e+03
1.041000000000000000e+03
1.049000000000000000e+03
1.150000000000000000e+03
1.110000000000000000e+03
1.101000000000000000e+03
1.136000000000000000e+03
1.110000000000000000e+03
1.165000000000000000e+03
1.190000000000000000e+03
1.117000000000000000e+03
1.230000000000000000e+03
1.229000000000000000e+03
1.138000000000000000e+03
1.208000000000000000e+03
1.258000000000000000e+03
1.340000000000000000e+03
1.224000000000000000e+03
1.303000000000000000e+03
1.270000000000000000e+03
1.403000000000000000e+03
1.335000000000000000e+03
1.304000000000000000e+03
1.365000000000000000e+03
1.310000000000000000e+03
1.385000000000000000e+03
1.405000000000000000e+03
1.447000000000000000e+03
1.367000000000000000e+03
1.305000000000000000e+03
1.444000000000000000e+03
1.456000000000000000e+03
1.453000000000000000e+03
1.463000000000000000e+03
1.440000000000000000e+03
1.404000000000000000e+03
1.467000000000000000e+03
1.586000000000000000e+03
1.517000000000000000e+03
1.555000000000000000e+03
1.734000000000000000e+03
1.604000000000000000e+03
1.543000000000000000e+03
1.559000000000000000e+03
1.695000000000000000e+03
1.648000000000000000e+03
1.665000000000000000e+03
1.627000000000000000e+03
1.638000000000000000e+03
1.652000000000000000e+03
1.651000000000000000e+03
1.647000000000000000e+03
1.800000000000000000e+03
1.820000000000000000e+03
1.730000000000000000e+03
1.658000000000000000e+03
1.756000000000000000e+03
1.730000000000000000e+03
1.886000000000000000e+03
1.854000000000000000e+03
1.931000000000000000e+03
1.880000000000000000e+03
1.891000000000000000e+03
1.746000000000000000e+03
1.830000000000000000e+03
1.924000000000000000e+03
1.869000000000000000e+03
1.783000000000000000e+03
1.975000000000000000e+03
1.925000000000000000e+03
1.913000000000000000e+03
1.893000000000000000e+03
2.073000000000000000e+03
2.010000000000000000e+03
1.986000000000000000e+03
2.150000000000000000e+03
1.990000000000000000e+03
2.131000000000000000e+03
2.130000000000000000e+03
2.098000000000000000e+03
2.150000000000000000e+03
2.137000000000000000e+03
2.160000000000000000e+03
2.241000000000000000e+03
2.072000000000000000e+03
2.303000000000000000e+03
2.251000000000000000e+03
2.219000000000000000e+03
2.246000000000000000e+03
2.289000000000000000e+03
2.097000000000000000e+03
2.289000000000000000e+03
2.318000000000000000e+03
2.291000000000000000e+03
2.339000000000000000e+03
2.365000000000000000e+03
2.415000000000000000e+03
2.486000000000000000e+03
2.425000000000000000e+03
2.555000000000000000e+03
2.607000000000000000e+03
2.426000000000000000e+03
2.458000000000000000e+03
2.351000000000000000e+03
2.527000000000000000e+03
2.563000000000000000e+03
2.460000000000000000e+03
2.450000000000000000e+03
2.664000000000000000e+03
2.484000000000000000e+03
2.523000000000000000e+03
2.594000000000000000e+03
2.549000000000000000e+03
2.851000000000000000e+03
2.701000000000000000e+03
2.598000000000000000e+03
2.591000000000000000e+03
2.843000000000000000e+03
2.703000000000000000e+03
2.590000000000000000e+03
2.843000000000000000e+03
2.638000000000000000e+03
2.822000000000000000e+03
2.759000000000000000e+03
2.792000000000000000e+03
2.671000000000000000e+03
2.892000000000000000e+03
2.758000000000000000e+03
2.911000000000000000e+03
2.886000000000000000e+03
3.022000000000000000e+03
2.921000000000000000e+03
2.891000000000000000e+03
2.919000000000000000e+03
2.857000000000000000e+03
2.815000000000000000e+03
3.036000000000000000e+03
3.061000000000000000e+03
3.073000000000000000e+03
3.047000000000000000e+03
3.047000000000000000e+03
3.119000000000000000e+03
3.081000000000000000e+03
3.079000000000000000e+03
3.141000000000000000e+03
3.288000000000000000e+03
3.227000000000000000e+03
3.116000000000000000e+03
3.164000000000000000e+03
3.197000000000000000e+03
3.318000000000000000e+03
3.647000000000000000e+03
3.300000000000000000e+03
3.235000000000000000e+03
3.070000000000000000e+03
3.310000000000000000e+03
3.151000000000000000e+03
3.415000000000000000e+03
3.197000000000000000e+03
3.388000000000000000e+03
3.370000000000000000e+03
3.297000000000000000e+03
3.333000000000000000e+03
3.444000000000000000e+03
3.318000000000000000e+03
3.277000000000000000e+03
3.405000000000000000e+03
3.298000000000000000e+03
3.616000000000000000e+03
3.527000000000000000e+03
3.594000000000000000e+03
3.556000000000000000e+03
3.675000000000000000e+03
3.449000000000000000e+03
3.461000000000000000e+03
3.620000000000000000e+03
3.396000000000000000e+03
3.504000000000000000e+03
3.922000000000000000e+03
3.642000000000000000e+03
3.582000000000000000e+03
3.868000000000000000e+03
3.715000000000000000e+03
3.856000000000000000e+03
3.974000000000000000e+03
3.647000000000000000e+03
3.918000000000000000e+03
3.961000000000000000e+03
3.834000000000000000e+03
3.831000000000000000e+03
3.805000000000000000e+03
4.050000000000000000e+03
3.892000000000000000e+03
3.941000000000000000e+03
3.907000000000000000e+03
3.908000000000000000e+03
3.964000000000000000e+03
3.918000000000000000e+03
3.914000000000000000e+03
4.061000000000000000e+03
3.989000000000000000e+03
4.170000000000000000e+03
4.195000000000000000e+03
4.159000000000000000e+03
4.159000000000000000e+03
4.353000000000000000e+03
4.180000000000000000e+03
4.153000000000000000e+03
4.359000000000000000e+03
4.331000000000000000e+03
4.198000000000000000e+03
4.607000000000000000e+03
4.113000000000000000e+03
4.320000000000000000e+03
4.240000000000000000e+03
4.434000000000000000e+03
4.387000000000000000e+03
4.233000000000000000e+03
4.473000000000000000e+03
4.463000000000000000e+03
4.479000000000000000e+03
4.226000000000000000e+03
4.393000000000000000e+03
4.245000000000000000e+03
4.514000000000000000e+03
4.434000000000000000e+03
4.554000000000000000e+03
4.748000000000000000e+03
4.435000000000000000e+03
4.761000000000000000e+03
4.802000000000000000e+03
4.727000000000000000e+03
4.601000000000000000e+03
4.655000000000000000e+03
4.713000000000000000e+03
4.566000000000000000e+03
4.524000000000000000e+03
4.799000000000000000e+03
4.698000000000000000e+03
4.655000000000000000e+03
4.872000000000000000e+03
4.848000000000000000e+03
4.754000000000000000e+03
4.897000000000000000e+03
5.056000000000000000e+03
4.929000000000000000e+03
5.039000000000000000e+03
4.788000000000000000e+03
5.161000000000000000e+03
4.806000000000000000e+03
4.882000000000000000e+03
4.972000000000000000e+03
4.954000000000000000e+03
5.037000000000000000e+03
5.085000000000000000e+03
5.136000000000000000e+03
5.125000000000000000e+03
5.063000000000000000e+03
5.113000000000000000e+03
4.933000000000000000e+03
5.028000000000000000e+03
5.076000000000000000e+03
5.169000000000000000e+03
5.075000000000000000e+03
5.165000000000000000e+03
5.262000000000000000e+03
5.111000000000000000e+03
5.649000000000000000e+03
5.215000000000000000e+03
5.259000000000000000e+03
5.469000000000000000e+03
5.552000000000000000e+03
5.465000000000000000e+03
5.334000000000000000e+03
5.496000000000000000e+03
5.278000000000000000e+03
5.438000000000000000e+03
5.563000000000000000e+03
5.271000000000000000e+03
5.790000000000000000e+03
5.696000000000000000e+03
5.602000000000000000e+03
5.782000000000000000e+03
6.217000000000000000e+03
5.427000000000000000e+03
5.867000000000000000e+03
5.693000000000000000e+03
5.574000000000000000e+03
5.858000000000000000e+03
6.379000000000000000e+03
5.730000000000000000e+03
5.706000000000000000e+03
5.938000000000000000e+03
5.850000000000000000e+03
6.013000000000000000e+03
5.782000000000000000e+03
6.104000000000000000e+03
6.009000000000000000e+03
5.959000000000000000e+03
5.842000000000000000e+03
5.947000000000000000e+03
5.922000000000000000e+03
6.097000000000000000e+03
6.148000000000000000e+03
6.000000000000000000e+03
5.779000000000000000e+03
5.969000000000000000e+03
6.009000000000000000e+03
6.175000000000000000e+03
6.216000000000000000e+03
6.105000000000000000e+03
6.495000000000000000e+03
6.222000000000000000e+03
6.067000000000000000e+03
6.281000000000000000e+03
6.293000000000000000e+03
6.285000000000000000e+03
6.254000000000000000e+03
6.338000000000000000e+03
5.964000000000000000e+03
6.275000000000000000e+03
6.360000000000000000e+03
6.607000000000000000e+03
6.124000000000000000e+03
6.381000000000000000e+03
6.747000000000000000e+03
6.278000000000000000e+03
6.646000000000000000e+03
6.572000000000000000e+03
6.800000000000000000e+03
6.569000000000000000e+03
6.251000000000000000e+03
6.891000000000000000e+03
6.374000000000000000e+03
6.614000000000000000e+03
6.487000000000000000e+03
6.556000000000000000e+03
6.434000000000000000e+03
6.837000000000000000e+03
6.850000000000000000e+03
6.856000000000000000e+03
6.558000000000000000e+03
7.056000000000000000e+03
6.700000000000000000e+03
6.779000000000000000e+03
6.529000000000000000e+03
6.906000000000000000e+03
6.863000000000000000e+03
6.961000000000000000e+03
6.719000000000000000e+03
7.161000000000000000e+03
7.239000000000000000e+03
6.869000000000000000e+03
6.910000000000000000e+03
6.714000000000000000e+03
7.287000000000000000e+03
7.221000000000000000e+03
7.109000000000000000e+03
7.405000000000000000e+03
6.953000000000000000e+03
7.129000000000000000e+03
7.202000000000000000e+03
7.372000000000000000e+03
7.268000000000000000e+03
7.212000000000000000e+03
7.513000000000000000e+03
7.357000000000000000e+03
7.326000000000000000e+03
7.355000000000000000e+03
7.388000000000000000e+03
7.380000000000000000e+03
7.539000000000000000e+03
7.412000000000000000e+03
7.530000000000000000e+03
